# JRE version: OpenJDK Runtime Environment (8.0_152-b06) (build 1.8.0_152-release-1136-b06)
# Java VM: OpenJDK 64-Bit Server VM (25.152-b06 mixed mode windows-amd64 compressed oops)
Heap:
 PSYoungGen      total 240128K, used 5194K [0x00000000e0000000, 0x00000000f3080000, 0x0000000100000000)
  eden space 207360K, 0% used [0x00000000e0000000,0x00000000e0000000,0x00000000eca80000)
  from space 32768K, 15% used [0x00000000eca80000,0x00000000ecf92878,0x00000000eea80000)
  to   space 32256K, 0% used [0x00000000f1100000,0x00000000f1100000,0x00000000f3080000)
 ParOldGen       total 144896K, used 84127K [0x00000000a0000000, 0x00000000a8d80000, 0x00000000e0000000)
  object space 144896K, 58% used [0x00000000a0000000,0x00000000a5227df0,0x00000000a8d80000)
 Metaspace       used 94606K, capacity 98158K, committed 98380K, reserved 1134592K
  class space    used 12169K, capacity 12927K, committed 12928K, reserved 1048576K
GC Heap History (10 events):
Event: 219.593 GC heap after
Heap after GC invocations=32 (full 3):
 PSYoungGen      total 169984K, used 23493K [0x00000000e0000000, 0x00000000ee800000, 0x0000000100000000)
  eden space 138752K, 0% used [0x00000000e0000000,0x00000000e0000000,0x00000000e8780000)
  from space 31232K, 75% used [0x00000000e8780000,0x00000000e9e71560,0x00000000ea600000)
  to   space 32768K, 0% used [0x00000000ec800000,0x00000000ec800000,0x00000000ee800000)
 ParOldGen       total 144896K, used 65578K [0x00000000a0000000, 0x00000000a8d80000, 0x00000000e0000000)
  object space 144896K, 45% used [0x00000000a0000000,0x00000000a400ab78,0x00000000a8d80000)
 Metaspace       used 91632K, capacity 94904K, committed 95064K, reserved 1132544K
  class space    used 11809K, capacity 12554K, committed 12672K, reserved 1048576K
}
Event: 221.035 GC heap before
{Heap before GC invocations=33 (full 3):
 PSYoungGen      total 169984K, used 162245K [0x00000000e0000000, 0x00000000ee800000, 0x0000000100000000)
  eden space 138752K, 100% used [0x00000000e0000000,0x00000000e8780000,0x00000000e8780000)
  from space 31232K, 75% used [0x00000000e8780000,0x00000000e9e71560,0x00000000ea600000)
  to   space 32768K, 0% used [0x00000000ec800000,0x00000000ec800000,0x00000000ee800000)
 ParOldGen       total 144896K, used 65578K [0x00000000a0000000, 0x00000000a8d80000, 0x00000000e0000000)
  object space 144896K, 45% used [0x00000000a0000000,0x00000000a400ab78,0x00000000a8d80000)
 Metaspace       used 91881K, capacity 95262K, committed 95576K, reserved 1132544K
  class space    used 11838K, capacity 12573K, committed 12672K, reserved 1048576K
Event: 221.059 GC heap after
Heap after GC invocations=33 (full 3):
 PSYoungGen      total 199680K, used 19043K [0x00000000e0000000, 0x00000000ee480000, 0x0000000100000000)
  eden space 170496K, 0% used [0x00000000e0000000,0x00000000e0000000,0x00000000ea680000)
  from space 29184K, 65% used [0x00000000ec800000,0x00000000eda98e58,0x00000000ee480000)
  to   space 31744K, 0% used [0x00000000ea680000,0x00000000ea680000,0x00000000ec580000)
 ParOldGen       total 144896K, used 70577K [0x00000000a0000000, 0x00000000a8d80000, 0x00000000e0000000)
  object space 144896K, 48% used [0x00000000a0000000,0x00000000a44ec7a8,0x00000000a8d80000)
 Metaspace       used 91881K, capacity 95262K, committed 95576K, reserved 1132544K
  class space    used 11838K, capacity 12573K, committed 12672K, reserved 1048576K
}
Event: 221.263 GC heap before
{Heap before GC invocations=34 (full 3):
 PSYoungGen      total 199680K, used 188984K [0x00000000e0000000, 0x00000000ee480000, 0x0000000100000000)
  eden space 170496K, 99% used [0x00000000e0000000,0x00000000ea5f55a0,0x00000000ea680000)
  from space 29184K, 65% used [0x00000000ec800000,0x00000000eda98e58,0x00000000ee480000)
  to   space 31744K, 0% used [0x00000000ea680000,0x00000000ea680000,0x00000000ec580000)
 ParOldGen       total 144896K, used 70577K [0x00000000a0000000, 0x00000000a8d80000, 0x00000000e0000000)
  object space 144896K, 48% used [0x00000000a0000000,0x00000000a44ec7a8,0x00000000a8d80000)
 Metaspace       used 91920K, capacity 95276K, committed 95576K, reserved 1132544K
  class space    used 11841K, capacity 12578K, committed 12672K, reserved 1048576K
Event: 221.272 GC heap after
Heap after GC invocations=34 (full 3):
 PSYoungGen      total 202240K, used 9155K [0x00000000e0000000, 0x00000000f0980000, 0x0000000100000000)
  eden space 170496K, 0% used [0x00000000e0000000,0x00000000e0000000,0x00000000ea680000)
  from space 31744K, 28% used [0x00000000ea680000,0x00000000eaf70f00,0x00000000ec580000)
  to   space 31744K, 0% used [0x00000000eea80000,0x00000000eea80000,0x00000000f0980000)
 ParOldGen       total 144896K, used 77395K [0x00000000a0000000, 0x00000000a8d80000, 0x00000000e0000000)
  object space 144896K, 53% used [0x00000000a0000000,0x00000000a4b94d00,0x00000000a8d80000)
 Metaspace       used 91920K, capacity 95276K, committed 95576K, reserved 1132544K
  class space    used 11841K, capacity 12578K, committed 12672K, reserved 1048576K
}
Event: 221.307 GC heap before
{Heap before GC invocations=35 (full 3):
 PSYoungGen      total 202240K, used 179530K [0x00000000e0000000, 0x00000000f0980000, 0x0000000100000000)
  eden space 170496K, 99% used [0x00000000e0000000,0x00000000ea661c38,0x00000000ea680000)
  from space 31744K, 28% used [0x00000000ea680000,0x00000000eaf70f00,0x00000000ec580000)
  to   space 31744K, 0% used [0x00000000eea80000,0x00000000eea80000,0x00000000f0980000)
 ParOldGen       total 144896K, used 77395K [0x00000000a0000000, 0x00000000a8d80000, 0x00000000e0000000)
  object space 144896K, 53% used [0x00000000a0000000,0x00000000a4b94d00,0x00000000a8d80000)
 Metaspace       used 91927K, capacity 95276K, committed 95576K, reserved 1132544K
  class space    used 11841K, capacity 12578K, committed 12672K, reserved 1048576K
Event: 221.313 GC heap after
Heap after GC invocations=35 (full 3):
 PSYoungGen      total 239104K, used 2274K [0x00000000e0000000, 0x00000000f0f00000, 0x0000000100000000)
  eden space 207360K, 0% used [0x00000000e0000000,0x00000000e0000000,0x00000000eca80000)
  from space 31744K, 7% used [0x00000000eea80000,0x00000000eecb8a00,0x00000000f0980000)
  to   space 32768K, 0% used [0x00000000eca80000,0x00000000eca80000,0x00000000eea80000)
 ParOldGen       total 144896K, used 83655K [0x00000000a0000000, 0x00000000a8d80000, 0x00000000e0000000)
  object space 144896K, 57% used [0x00000000a0000000,0x00000000a51b1df0,0x00000000a8d80000)
 Metaspace       used 91927K, capacity 95276K, committed 95576K, reserved 1132544K
  class space    used 11841K, capacity 12578K, committed 12672K, reserved 1048576K
}
Event: 226.379 GC heap before
{Heap before GC invocations=36 (full 3):
 PSYoungGen      total 239104K, used 99091K [0x00000000e0000000, 0x00000000f0f00000, 0x0000000100000000)
  eden space 207360K, 46% used [0x00000000e0000000,0x00000000e5e8c4a8,0x00000000eca80000)
  from space 31744K, 7% used [0x00000000eea80000,0x00000000eecb8a00,0x00000000f0980000)
  to   space 32768K, 0% used [0x00000000eca80000,0x00000000eca80000,0x00000000eea80000)
 ParOldGen       total 144896K, used 83655K [0x00000000a0000000, 0x00000000a8d80000, 0x00000000e0000000)
  object space 144896K, 57% used [0x00000000a0000000,0x00000000a51b1df0,0x00000000a8d80000)
 Metaspace       used 94606K, capacity 98158K, committed 98380K, reserved 1134592K
  class space    used 12169K, capacity 12927K, committed 12928K, reserved 1048576K
Event: 226.385 GC heap after
Heap after GC invocations=36 (full 3):
 PSYoungGen      total 240128K, used 5194K [0x00000000e0000000, 0x00000000f3080000, 0x0000000100000000)
  eden space 207360K, 0% used [0x00000000e0000000,0x00000000e0000000,0x00000000eca80000)
  from space 32768K, 15% used [0x00000000eca80000,0x00000000ecf92878,0x00000000eea80000)
  to   space 32256K, 0% used [0x00000000f1100000,0x00000000f1100000,0x00000000f3080000)
 ParOldGen       total 144896K, used 84127K [0x00000000a0000000, 0x00000000a8d80000, 0x00000000e0000000)
  object space 144896K, 58% used [0x00000000a0000000,0x00000000a5227df0,0x00000000a8d80000)
 Metaspace       used 94606K, capacity 98158K, committed 98380K, reserved 1134592K
  class space    used 12169K, capacity 12927K, committed 12928K, reserved 1048576K
}
Event: 226.386 GC heap before
{Heap before GC invocations=37 (full 4):
 PSYoungGen      total 240128K, used 5194K [0x00000000e0000000, 0x00000000f3080000, 0x0000000100000000)
  eden space 207360K, 0% used [0x00000000e0000000,0x00000000e0000000,0x00000000eca80000)
  from space 32768K, 15% used [0x00000000eca80000,0x00000000ecf92878,0x00000000eea80000)
  to   space 32256K, 0% used [0x00000000f1100000,0x00000000f1100000,0x00000000f3080000)
 ParOldGen       total 144896K, used 84127K [0x00000000a0000000, 0x00000000a8d80000, 0x00000000e0000000)
  object space 144896K, 58% used [0x00000000a0000000,0x00000000a5227df0,0x00000000a8d80000)
 Metaspace       used 94606K, capacity 98158K, committed 98380K, reserved 1134592K
  class space    used 12169K, capacity 12927K, committed 12928K, reserved 1048576K

